0.520577 108
0.676239 1
0.224012 1
0.168767 1
0.102424 1
0.126159 1
0.111978 1
0.144848 1
0.088307 1
0.191170 1
0.198338 1
0.083549 1
0.097901 1
0.185916 1
0.056262 1
0.080210 1
0.121164 1
0.268893 1
0.159426 1
0.456149 1
0.234772 1
0.168660 1
0.126897 1
0.023738 1
0.247179 1
0.086785 1
0.117884 1
0.130657 1
0.103216 1
0.162183 1
0.084789 1
0.181473 1
0.053941 1
0.221441 1
0.220173 1
0.213134 1
0.600672 4
0.328712 4
0.000116 4
0.278096 4
0.071963 4
0.176267 4
0.616379 1
0.203247 1
0.185610 1
0.734355 4
0.380586 1
0.173381 1
0.162174 1
0.042042 1
0.101684 1
0.115800 1
0.134854 1
0.094030 1
0.149431 1
0.054089 1
0.180551 1
0.185231 1
0.077234 1
0.254839 1
0.505733 1
0.041987 1
0.122255 1
0.138319 1
0.075502 1
0.118682 1
0.127372 1
0.142502 1
0.135513 1
0.102815 1
0.157467 1
0.143612 1
0.160284 1
0.143935 1
0.136631 1
0.027206 1
0.194136 1
0.110841 2
0.116452 115
0.000025 26
0.000024 32
0.000028 29
0.000017 30
0.000013 26
0.000055 31
0.002747 108
2.644071 1
0.166209 1
0.119295 1
0.122176 1
0.208158 1
0.099923 1
0.146428 1
0.127667 1
0.132037 1
1.382195 2
0.002342 108
4.152482 1
1.301072 3
0.174466 1
0.209730 1
0.448940 1
0.333110 1
1.001519 1
0.390779 1
0.512751 1
0.237269 1
0.426383 1
0.510224 1
0.301824 48
0.057432 1
0.110188 1
2.874160 81
0.000072 37
1.357810 1
0.812737 1
0.687088 1
0.597027 1
1.479325 1
0.550140 3
0.195359 1
0.272011 1
0.700618 1
0.195736 1
0.168534 1
0.357679 1
0.574824 1
0.086598 1
0.652365 1
1.312710 48
3.845713 2
0.000043 118
1.536014 2
0.000378 2
0.000297 108
0.845532 1
0.253378 1
0.090532 1
0.205867 1
0.225654 2
0.000162 6
