0.387684 108
1.052480 1
0.148135 1
0.525538 1
0.078275 1
0.102967 1
0.130342 1
0.086019 1
0.065058 1
0.095267 1
0.101632 1
0.200179 1
0.385703 1
0.080923 1
0.126441 1
0.205831 1
0.656253 1
0.063356 1
0.109701 1
0.140212 1
0.102360 1
0.151248 1
0.096414 1
0.097836 1
0.133076 1
0.171570 1
0.087572 1
0.089735 1
0.081891 1
0.159869 1
0.114454 1
0.128558 1
0.069462 1
0.231485 1
0.174960 1
0.449232 1
0.140070 1
0.119404 1
0.168132 1
0.194688 1
0.078748 1
0.099069 1
0.114369 1
0.864827 1
0.230849 1
0.120299 1
0.203556 1
0.088603 1
0.103426 1
0.067562 1
0.036493 1
0.080043 1
0.160527 1
0.706596 1
0.107462 1
0.157860 1
0.153537 1
0.091842 1
0.070841 1
0.123297 1
0.076185 1
0.224527 1
0.080958 1
0.113205 1
0.088735 1
0.138737 1
0.053619 1
0.106378 1
0.042296 1
0.230237 1
0.373517 1
0.149372 1
0.142623 1
0.075549 1
0.162471 1
0.074796 1
0.203483 1
0.055677 1
0.098020 1
0.136178 1
1.909312 1
0.305229 1
0.090960 1
0.221053 1
0.117846 1
0.042948 1
0.149422 1
0.194360 1
0.219360 1
0.632860 1
0.192418 1
0.118423 1
0.255122 1
0.218605 1
0.450927 1
0.417488 1
0.075608 1
0.081840 1
0.086720 1
0.102257 1
0.135479 1
0.094547 1
0.263594 1
2.681834 2
0.001362 28
0.001005 108
0.791417 1
0.265973 1
0.921110 1
0.819343 1
0.246195 1
0.161500 1
0.256018 1
0.175377 1
0.130621 1
0.090170 1
0.195107 8
1.007071 2
0.004083 75
0.000652 108
1.033743 1
0.158222 1
0.051101 1
0.137084 1
0.104903 1
0.185861 1
0.146237 1
0.085921 1
0.095845 1
0.136428 1
0.103836 1
0.036536 1
0.143462 1
0.148457 1
0.091418 1
0.360585 1
0.135614 1
0.091810 1
0.932599 1
0.177745 1
0.648489 4
0.306094 1
0.199176 1
0.161870 1
0.090014 1
0.112173 1
0.155489 1
0.122199 1
0.040423 1
0.154334 1
0.066506 1
0.115120 1
1.524747 1
0.593565 1
0.169468 1
0.058499 1
0.172439 1
0.142285 1
0.137359 1
0.135386 1
0.256285 1
0.150164 1
0.700805 1
0.117214 1
0.086276 1
0.170628 1
0.089460 1
0.050096 1
0.119824 1
0.019767 1
0.104058 1
0.763844 1
0.252454 1
0.154421 1
0.125739 1
0.089649 1
0.043565 1
0.098153 1
0.148429 1
0.063068 1
0.196910 1
0.069758 1
0.095767 1
0.108300 1
0.149026 1
0.068049 1
0.105148 1
0.100609 1
0.171238 1
0.620198 1
0.210448 1
2.077865 4
0.317407 1
0.102574 1
0.201934 1
0.211562 1
0.169952 1
0.225114 1
0.145136 1
0.199810 1
0.171736 1
0.209926 1
0.130120 1
0.092197 1
0.116253 1
0.249695 1
0.186489 1
0.130051 1
1.708167 1
0.169449 1
0.167739 1
0.130320 1
0.132688 1
0.181930 1
0.087775 1
0.127870 1
0.149970 1
0.094422 1
0.117061 1
0.112744 1
0.123503 1
0.131936 1
1.049502 2
0.000549 31
0.000860 108
0.744444 1
0.624958 4
0.314168 1
0.207566 1
0.094442 1
0.124286 1
0.171629 1
0.159790 1
0.185799 1
0.135050 1
0.061515 1
0.109550 1
0.130634 1
0.123790 1
1.353956 2
0.003033 87
1.685746 1
0.205098 1
0.165924 1
0.380363 1
0.190348 1
0.597806 1
0.284205 1
0.205122 1
0.174373 2
0.000315 51
0.000132 37
1.000558 68
1.376187 1
0.109284 1
0.056340 1
0.153153 1
0.747016 2
0.000538 48
1.418967 1
0.099706 1
0.087523 1
0.110286 1
0.158033 2
0.001434 108
7.421225 1
0.220794 1
0.188321 1
0.097095 1
0.128393 1
0.141956 1
0.160175 1
0.216964 1
0.140638 1
0.140302 1
0.209475 1
0.188363 1
0.144965 1
0.251582 1
0.623837 1
0.302872 1
0.129886 1
0.086372 1
0.248571 1
0.189548 1
0.182117 1
0.701476 1
0.084150 1
0.112385 1
0.161559 1
2.255091 1
0.265402 1
0.495126 1
1.016971 4
0.537842 1
0.159997 1
0.110514 1
0.097610 1
0.134819 1
0.217071 1
0.227971 1
0.169895 1
0.060141 1
0.169827 1
0.574607 1
0.222118 1
0.107638 1
0.184025 1
0.395640 1
0.194013 1
0.216513 1
0.134274 1
0.385333 1
0.090276 1
0.132020 1
0.139635 1
0.135117 1
0.446197 1
0.257104 1
0.374189 1
0.557456 4
0.138420 1
0.271712 1
0.290501 1
0.352228 1
0.227758 1
0.165601 1
0.301006 1
0.430341 1
0.250049 1
0.197662 1
0.223840 1
0.270075 1
0.426112 4
0.313168 1
0.152917 1
0.087434 1
0.089442 1
0.162623 1
0.138231 1
0.134134 1
0.567465 1
0.094336 1
0.500462 1
0.167721 1
0.165277 1
0.184497 1
0.174693 1
0.153687 1
0.058124 1
0.115534 1
0.083604 1
0.101417 1
0.136316 1
0.509332 1
0.161403 1
0.036339 1
0.114721 1
0.118777 1
0.158725 1
0.394186 1
0.115589 1
0.081783 1
0.046028 1
0.187157 1
0.131496 1
0.449352 1
0.617492 1
0.520755 2
0.001954 28
0.000902 108
0.839236 1
0.295923 1
0.172868 1
0.205089 1
0.213012 1
0.132893 1
0.162904 1
0.139109 1
0.144149 1
1.714309 2
0.002425 73
0.000033 35
1.387386 1
0.175982 1
0.163845 1
0.124366 1
0.137497 1
0.142412 1
0.220206 1
0.135561 1
0.059975 1
0.127912 1
0.138053 1
0.105874 1
0.237335 2
0.001536 87
1.440853 1
0.199896 1
0.417621 1
0.391112 1
0.000070 1
1.037937 3
0.174299 3
0.833965 1
0.188995 1
0.158733 1
0.253786 1
0.204249 1
0.504196 2
0.000244 51
0.000078 37
1.000483 68
1.740705 1
0.218029 1
0.090038 1
0.159119 1
0.172323 2
0.000353 48
0.878449 1
0.199364 1
0.091902 1
0.116014 1
0.135987 2
0.000402 108
1.450699 1
0.282924 1
0.118566 1
0.176290 1
0.264192 2
0.000722 108
0.957021 1
0.296257 1
0.059297 1
0.149873 1
0.158087 2
0.000177 6
