0.402175 108
1.007950 1
0.165904 1
0.144081 1
0.036501 1
0.138460 1
0.260099 1
0.202301 1
0.206268 1
0.101922 1
0.116793 1
0.153170 1
0.109212 1
0.039530 1
0.123598 1
0.127951 1
0.110076 1
0.129219 1
0.372462 1
0.046957 1
0.137811 1
0.025209 1
0.172072 1
0.091985 1
0.099566 1
0.153869 1
0.157007 1
0.141339 1
0.766527 2
0.001241 30
0.000867 108
0.648795 1
0.253552 1
0.217276 1
0.196132 1
0.224116 1
0.136403 1
0.189877 1
0.255792 1
0.127567 1
0.241023 2
0.002391 108
2.955500 1
0.273866 1
0.111517 1
0.188238 1
0.854506 2
0.000776 108
2.098962 1
0.298118 1
0.095698 1
0.332686 1
0.778127 2
0.000160 6
