0.440381 108
20.613487 4
0.816561 13
1.004698 2
0.002303 108
2.306342 1
0.175572 1
0.112335 1
0.248418 1
0.175681 1
0.169818 1
0.433057 1
0.286370 1
0.108361 1
0.146309 1
0.111898 1
0.347690 2
0.000075 52
0.005984 221
0.000031 143
0.000051 74
0.000033 69
0.000015 72
0.000035 66
0.000019 70
0.000050 113
0.000017 60
0.000019 61
0.000013 60
0.000018 58
0.000020 59
0.000019 53
0.000016 55
0.000016 55
0.000035 114
0.000151 17
4.010052 125
0.000501 73
0.000047 35
1.264375 1
0.232645 1
0.092284 1
0.255831 1
0.196547 1
0.212372 1
0.227217 1
0.456333 1
0.247698 1
0.294186 1
0.136332 1
0.115157 1
0.069188 1
0.143211 2
0.000069 52
0.004821 83
0.000054 138
0.000039 72
0.000023 71
0.000020 74
0.000019 69
0.000030 72
0.000013 66
0.000021 70
0.000019 56
0.000019 57
0.000018 60
0.000016 61
0.000032 60
0.000016 58
0.000018 59
0.000018 53
0.000017 55
0.000017 55
0.000016 55
0.000016 59
0.000153 17
0.821577 125
0.000600 73
0.000053 35
2.308215 1
0.268532 1
0.097488 1
0.164974 1
0.123109 2
0.000678 108
2.106349 1
0.212268 1
0.102033 1
0.117159 1
0.123927 2
0.000175 6
