0.466711 108
2.975534 1
0.067166 1
0.207578 1
0.115991 1
0.111670 1
0.228308 1
0.161450 1
0.229693 1
1.688066 1
0.248211 1
0.193615 1
0.534471 1
0.101388 1
0.194041 1
0.123602 1
0.126439 1
0.134056 1
0.081830 1
0.116388 1
0.145546 1
0.083536 1
0.114782 1
0.147977 1
0.099943 1
0.090217 1
1.272682 1
0.691396 4
0.849948 2
0.001358 35
0.000852 108
0.946812 1
0.157780 1
0.103079 1
0.142244 1
0.172652 1
0.125671 1
0.132215 1
0.112132 1
0.147148 1
1.216223 2
0.002143 108
0.964341 1
0.193851 1
0.101557 1
0.160600 1
0.115112 1
0.152248 1
0.650303 1
0.319604 1
0.508224 1
0.298390 1
0.677641 3
0.252162 1
0.158384 1
0.141123 1
0.074281 1
0.070026 1
0.104338 1
0.115931 1
0.102473 1
0.152120 1
0.321162 1
0.192832 1
1.188975 2
0.000190 119
0.035536 108
2.656641 1
0.332087 1
0.194648 1
0.205197 1
1.508405 2
0.000442 108
1.770511 1
0.154508 1
0.072493 1
0.232367 1
0.221257 1
0.254797 1
0.321515 1
0.269293 1
0.162487 1
0.076892 1
0.088401 1
0.138571 1
0.026691 1
0.122278 1
0.121153 1
0.769377 4
0.739339 2
0.003793 59
0.000871 108
2.466016 1
0.776982 4
0.124174 1
0.151029 1
0.126883 1
0.125623 1
0.156748 1
0.076121 1
0.041637 1
0.115135 1
0.114399 1
0.076555 1
0.113915 1
0.087860 1
0.107574 1
0.256980 1
0.185199 1
0.135934 2
0.002698 1375
0.000034 293
0.000670 108
1.920042 1
0.316542 1
0.170154 1
0.188465 1
0.188811 2
0.000118 6
