0.393540 108
0.992066 1
0.084043 1
0.163875 1
0.104184 1
0.114240 1
0.038808 1
0.134830 1
0.202470 1
0.575487 4
0.159148 1
0.092036 1
0.109138 1
0.128053 1
0.146022 1
0.182156 1
0.118062 1
0.205734 1
0.589009 1
0.179033 1
0.122640 1
0.861543 1
0.486103 1
0.267761 1
0.153925 1
0.188766 1
0.487529 1
0.134131 1
0.081534 1
1.282522 1
0.179624 1
0.077684 1
0.133609 1
0.000200 1
0.106470 1
0.102259 1
0.110042 1
0.150588 1
0.815963 1
0.117119 1
0.137750 1
0.196739 1
0.138203 2
0.000326 31
0.000918 108
2.332334 1
0.188023 1
0.127644 1
0.134537 1
0.149364 1
0.122743 1
0.139540 1
0.095868 3
0.536659 2
0.002445 108
2.711360 1
0.189839 1
1.344016 2
0.000187 22
0.000043 71
0.000038 13
3.680676 1
0.141592 1
0.111080 1
0.105642 1
0.080145 1
0.311439 1
0.111561 1
0.115429 1
0.128192 1
0.135779 1
0.098033 1
0.172215 1
0.136178 1
0.411899 1
0.072955 1
0.121402 1
0.183716 1
0.128712 1
0.166041 1
0.199790 1
0.513949 3
1.109752 1
0.156763 1
0.143196 1
0.090727 1
0.115847 1
0.143553 1
0.161705 1
0.419830 1
0.532739 48
1.709958 96
1.353580 1
0.136431 1
0.209595 1
0.116387 1
0.159713 1
0.099901 1
0.195703 1
0.436256 1
0.320431 1
0.173944 1
0.174766 1
0.217391 1
0.298147 1
0.155315 1
0.144004 1
0.219063 1
0.372135 1
0.221085 1
0.174594 1
0.113504 1
0.196023 1
0.338316 2
0.000469 105
2.073924 1
0.115503 1
0.299919 1
0.297532 1
0.173833 1
0.466573 2
0.000072 73
0.000018 27
2.430298 1
0.326314 1
0.469578 1
0.223600 1
1.079332 2
0.000857 108
2.213655 1
0.258668 1
0.053213 1
0.240916 1
0.242445 2
0.000188 6
